<?xml version="1.0" encoding="UTF-8"?>
<!-- Generated by org.testng.reporters.JUnitXMLReporter -->
<testsuite hostname="MAVBCP26704" ignored="0" name="restassuredtests" tests="37" failures="0" timestamp="2022-02-25T08:46:45 IST" time="31.641" errors="0">
  <testcase name="CheckResponseBody" time="0.04" classname="com.employee.testcases.Tc001_GET_All_Employees"/>
  <testcase name="checkResponseTime" time="0.002" classname="com.employee.testcases.Tc001_GET_All_Employees"/>
  <testcase name="checkServeType" time="0.003" classname="com.employee.testcases.Tc001_GET_All_Employees"/>
  <testcase name="checkStatusCode" time="0.002" classname="com.employee.testcases.Tc001_GET_All_Employees"/>
  <testcase name="checkStatusLine" time="0.001" classname="com.employee.testcases.Tc001_GET_All_Employees"/>
  <testcase name="contentEncoding" time="0.001" classname="com.employee.testcases.Tc001_GET_All_Employees"/>
  <testcase name="contentType" time="0.027" classname="com.employee.testcases.Tc001_GET_All_Employees"/>
  <testcase name="CheckResponseBody" time="0.006" classname="com.employee.testcases.Tc002_GET_single_Employee"/>
  <testcase name="checkResponseTime" time="0.018" classname="com.employee.testcases.Tc002_GET_single_Employee"/>
  <testcase name="checkServeType" time="0.002" classname="com.employee.testcases.Tc002_GET_single_Employee"/>
  <testcase name="checkStatusCode" time="0.014" classname="com.employee.testcases.Tc002_GET_single_Employee"/>
  <testcase name="checkStatusLine" time="0.003" classname="com.employee.testcases.Tc002_GET_single_Employee"/>
  <testcase name="contentType" time="0.004" classname="com.employee.testcases.Tc002_GET_single_Employee"/>
  <testcase name="CheckResponseBody" time="0.006" classname="com.employee.testcases.Tc003_POST_New_Record_RestUtils"/>
  <testcase name="checkResponseTime" time="0.004" classname="com.employee.testcases.Tc003_POST_New_Record_RestUtils"/>
  <testcase name="checkServeType" time="0.004" classname="com.employee.testcases.Tc003_POST_New_Record_RestUtils"/>
  <testcase name="checkStatusCode" time="0.003" classname="com.employee.testcases.Tc003_POST_New_Record_RestUtils"/>
  <testcase name="checkStatusLine" time="0.003" classname="com.employee.testcases.Tc003_POST_New_Record_RestUtils"/>
  <testcase name="contentType" time="0.002" classname="com.employee.testcases.Tc003_POST_New_Record_RestUtils"/>
  <testcase name="CheckResponseBody" time="0.003" classname="com.employee.testcases.Tc004_POST_New_Record"/>
  <testcase name="checkResponseTime" time="0.005" classname="com.employee.testcases.Tc004_POST_New_Record"/>
  <testcase name="checkServeType" time="0.012" classname="com.employee.testcases.Tc004_POST_New_Record"/>
  <testcase name="checkStatusCode" time="0.002" classname="com.employee.testcases.Tc004_POST_New_Record"/>
  <testcase name="checkStatusLine" time="0.002" classname="com.employee.testcases.Tc004_POST_New_Record"/>
  <testcase name="contentType" time="0.002" classname="com.employee.testcases.Tc004_POST_New_Record"/>
  <testcase name="CheckResponseBody" time="0.004" classname="com.employee.testcases.Tc005_Update_Employee"/>
  <testcase name="checkResponseTime" time="0.002" classname="com.employee.testcases.Tc005_Update_Employee"/>
  <testcase name="checkServeType" time="0.003" classname="com.employee.testcases.Tc005_Update_Employee"/>
  <testcase name="checkStatusCode" time="0.003" classname="com.employee.testcases.Tc005_Update_Employee"/>
  <testcase name="checkStatusLine" time="0.007" classname="com.employee.testcases.Tc005_Update_Employee"/>
  <testcase name="contentType" time="0.002" classname="com.employee.testcases.Tc005_Update_Employee"/>
  <testcase name="CheckResponseBody" time="0.006" classname="com.employee.testcases.Tc006_Delete_Employee"/>
  <testcase name="checkResponseTime" time="0.003" classname="com.employee.testcases.Tc006_Delete_Employee"/>
  <testcase name="checkServeType" time="0.003" classname="com.employee.testcases.Tc006_Delete_Employee"/>
  <testcase name="checkStatusCode" time="0.002" classname="com.employee.testcases.Tc006_Delete_Employee"/>
  <testcase name="checkStatusLine" time="0.002" classname="com.employee.testcases.Tc006_Delete_Employee"/>
  <testcase name="contentType" time="0.001" classname="com.employee.testcases.Tc006_Delete_Employee"/>
</testsuite> <!-- restassuredtests -->
