<?xml version="1.0" encoding="UTF-8"?>
<!-- Generated by org.testng.reporters.JUnitXMLReporter -->
<testsuite hostname="MAVBCP26704" ignored="0" name="Default test" tests="6" failures="0" timestamp="2022-02-24T16:19:30 IST" time="9.003" errors="0">
  <testcase name="CheckResponseBody" time="0.01" classname="com.employee.testcases.Tc006_Delete_Employee"/>
  <testcase name="checkResponseTime" time="0.012" classname="com.employee.testcases.Tc006_Delete_Employee"/>
  <testcase name="checkServeType" time="0.005" classname="com.employee.testcases.Tc006_Delete_Employee"/>
  <testcase name="checkStatusCode" time="0.002" classname="com.employee.testcases.Tc006_Delete_Employee"/>
  <testcase name="checkStatusLine" time="0.002" classname="com.employee.testcases.Tc006_Delete_Employee"/>
  <testcase name="contentType" time="0.002" classname="com.employee.testcases.Tc006_Delete_Employee"/>
</testsuite> <!-- Default test -->
